<?xml version="1.0" encoding="UTF-8"?>
<!-- Generated by org.testng.reporters.JUnitXMLReporter -->
<testsuite ignored="2" hostname="DESKTOP-DJ4FDME" failures="0" tests="2" name="Test" time="17.258" errors="0" timestamp="2024-02-09T08:41:47 IST">
  <testcase classname="org.xyz.automation.HandleKeyboardMouse" name="handleAlerts" time="6.938"/>
  <testcase classname="org.xyz.automation.HandleKeyboardMouse" name="handleframes" time="10.239"/>
  <testcase classname="org.xyz.automation.HandleKeyboardMouse" name="handleMouse" time="0.0">
    <ignored/>
  </testcase> <!-- handleMouse -->
  <testcase classname="org.xyz.automation.HandleKeyboardMouse" name="handlekeybords" time="0.0">
    <ignored/>
  </testcase> <!-- handlekeybords -->
</testsuite> <!-- Test -->
