<?xml version="1.0" encoding="UTF-8"?>
<testng-results ignored="0" total="1" passed="1" failed="0" skipped="0">
  <reporter-output>
  </reporter-output>
  <suite started-at="2024-02-10T09:18:52 IST" name="Default suite" finished-at="2024-02-10T09:18:59 IST" duration-ms="6620">
    <groups>
    </groups>
    <test started-at="2024-02-10T09:18:52 IST" name="Default test" finished-at="2024-02-10T09:18:59 IST" duration-ms="6620">
      <class name="org.wipro.automation.uo.testCases.SignupScenario">
        <test-method is-config="true" signature="launchBrowser()[pri:0, instance:org.wipro.automation.uo.testCases.SignupScenario@13fd2ccd]" started-at="2024-02-10T09:18:52 IST" name="launchBrowser" finished-at="2024-02-10T09:18:57 IST" duration-ms="5233" status="PASS">
          <reporter-output>
          </reporter-output>
        </test-method> <!-- launchBrowser -->
        <test-method signature="tc005_validate_signup_functionality()[pri:0, instance:org.wipro.automation.uo.testCases.SignupScenario@13fd2ccd]" started-at="2024-02-10T09:18:57 IST" name="tc005_validate_signup_functionality" finished-at="2024-02-10T09:18:59 IST" duration-ms="1310" status="PASS">
          <reporter-output>
          </reporter-output>
        </test-method> <!-- tc005_validate_signup_functionality -->
        <test-method is-config="true" signature="closeBrowser()[pri:0, instance:org.wipro.automation.uo.testCases.SignupScenario@13fd2ccd]" started-at="2024-02-10T09:18:59 IST" name="closeBrowser" finished-at="2024-02-10T09:18:59 IST" duration-ms="1" status="PASS">
          <reporter-output>
          </reporter-output>
        </test-method> <!-- closeBrowser -->
      </class> <!-- org.wipro.automation.uo.testCases.SignupScenario -->
    </test> <!-- Default test -->
  </suite> <!-- Default suite -->
</testng-results>
